/tmp/python-build.20200402034609.963 ~
/tmp/python-build.20200402034609.963/Python-3.6.1 /tmp/python-build.20200402034609.963 ~
checking build system type... x86_64-unknown-linux-gnu
checking host system type... x86_64-unknown-linux-gnu
checking for python3.6... no
checking for python3... python3
checking for --enable-universalsdk... no
checking for --with-universal-archs... no
checking MACHDEP... linux
checking for --without-gcc... no
checking for --with-icc... no
checking for gcc... no
checking for cc... no
checking for cl.exe... no
configure: error: in `/tmp/python-build.20200402034609.963/Python-3.6.1':
configure: error: no acceptable C compiler found in $PATH
See `config.log' for more details
